<?xml version="1.0" encoding="UTF-8"?>
<!-- Generated by org.testng.reporters.JUnitReportReporter -->
<testsuite hostname="aishwarya" failures="0" tests="3" name="qa.WelcomePageTest" time="33.083" errors="0" timestamp="2024-02-29T10:32:27 IST" skipped="0">
  <testcase classname="qa.WelcomePageTest" name="validatePageTitle" time="4.966"/>
  <testcase classname="qa.WelcomePageTest" name="validatePracticeSite1" time="15.316"/>
  <testcase classname="qa.WelcomePageTest" name="validatePracticeSite2" time="12.801"/>
</testsuite> <!-- qa.WelcomePageTest -->
