<?xml version="1.0" encoding="UTF-8"?>
<!-- Generated by org.testng.reporters.JUnitReportReporter -->
<testsuite hostname="aishwarya" failures="0" tests="11" name="qa.PracticeSite1Test" time="6.424" errors="0" timestamp="2024-02-29T21:34:24 IST" skipped="0">
  <testcase classname="qa.PracticeSite1Test" name="validateForm" time="0.037"/>
  <testcase classname="qa.PracticeSite1Test" name="validateTitle" time="0.022"/>
  <testcase classname="qa.PracticeSite1Test" name="validateName" time="0.220"/>
  <testcase classname="qa.PracticeSite1Test" name="validatePhone" time="0.129"/>
  <testcase classname="qa.PracticeSite1Test" name="validateEmail" time="0.150"/>
  <testcase classname="qa.PracticeSite1Test" name="validateCountry" time="0.284"/>
  <testcase classname="qa.PracticeSite1Test" name="validateCity" time="0.139"/>
  <testcase classname="qa.PracticeSite1Test" name="validateUsername" time="0.102"/>
  <testcase classname="qa.PracticeSite1Test" name="validatePassword" time="0.159"/>
  <testcase classname="qa.PracticeSite1Test" name="validateSubmit" time="5.121"/>
  <testcase classname="qa.PracticeSite1Test" name="validateAlert" time="0.061"/>
</testsuite> <!-- qa.PracticeSite1Test -->
